Arguments: 
  /usr/bin/nodejs /usr/local/bin/yarn add json-server@0.9.5

PATH: 
  /home/pieter.schutte/.dropbox-bin:/home/pieter.schutte/bin:/home/pieter.schutte/.local/bin:/home/pieter.schutte/.dropbox-bin:/home/pieter.schutte/bin:/home/pieter.schutte/.local/bin:/usr/local/sbin:/usr/local/bin:/usr/sbin:/usr/bin:/sbin:/bin:/usr/games:/usr/local/games:/usr/lib/jvm/java-8-oracle/bin:/usr/lib/jvm/java-8-oracle/db/bin:/usr/lib/jvm/java-8-oracle/jre/bin:/usr/lib/jvm/java-8-oracle/bin:/usr/lib/jvm/java-8-oracle/db/bin:/usr/lib/jvm/java-8-oracle/jre/bin

Yarn version: 
  0.27.5

Node version: 
  4.2.6

Platform: 
  linux x64

npm manifest: 
  {
    "name": "backend",
    "version": "1.0.0",
    "main": "index.js",
    "license": "MIT"
  }

yarn manifest: 
  No manifest

Lockfile: 
  No lockfile

Trace: 
  Error: EACCES: permission denied, mkdir '/home/pieter.schutte/projects/learning/elm/elm-tutorial/backend/node_modules/accepts'
      at Error (native)
